<?xml version="1.0" encoding="UTF-8"?>
<!-- Generated by org.testng.reporters.JUnitReportReporter -->
<testsuite hostname="MANAN" failures="0" tests="1" name="test_class.Post_tc1" time="3.818" errors="0" timestamp="2023-04-05T11:14:57 IST" skipped="0">
  <testcase classname="test_class.Post_tc1" name="orchestrator" time="3.818"/>
  <system-out/>
</testsuite> <!-- test_class.Post_tc1 -->
